This file contains any messages produced by compilers while
running configure, to aid debugging if configure makes a mistake.

It was created by tk configure 8.5, which was
generated by GNU Autoconf 2.69.  Invocation command line was

  $ ./configure 

## --------- ##
## Platform. ##
## --------- ##

hostname = Taylors-MacBook-Pro.local
uname -m = x86_64
uname -r = 14.1.0
uname -s = Darwin
uname -v = Darwin Kernel Version 14.1.0: Mon Dec 22 23:10:38 PST 2014; root:xnu-2782.10.72~2/RELEASE_X86_64

/usr/bin/uname -p = i386
/bin/uname -X     = unknown

/bin/arch              = unknown
/usr/bin/arch -k       = unknown
/usr/convex/getsysinfo = unknown
/usr/bin/hostinfo      = Mach kernel version:
	 Darwin Kernel Version 14.1.0: Mon Dec 22 23:10:38 PST 2014; root:xnu-2782.10.72~2/RELEASE_X86_64
Kernel configured for up to 4 processors.
2 processors are physically available.
4 processors are logically available.
Processor type: i486 (Intel 80486)
Processors active: 0 1 2 3
Primary memory available: 4.00 gigabytes
Default processor set: 167 tasks, 631 threads, 4 processors
Load average: 1.73, Mach factor: 2.26
/bin/machine           = unknown
/usr/bin/oslevel       = unknown
/bin/universe          = unknown

PATH: /usr/local/bin
PATH: /usr/bin
PATH: /bin
PATH: /usr/sbin
PATH: /sbin
PATH: /opt/X11/bin


## ----------- ##
## Core tests. ##
## ----------- ##

configure:2314: checking for Tcl configuration
configure:2414: result: found /System/Library/Frameworks/Tcl.framework/tclConfig.sh
configure:2420: checking for existence of /System/Library/Frameworks/Tcl.framework/tclConfig.sh
configure:2424: result: loading
configure:2496: checking for tclsh
configure:2520: result: /usr/bin/tclsh8.5
configure:2531: checking for tclsh in Tcl build directory
configure:2534: result: /System/Library/Frameworks/Tcl.framework/tclsh
configure:2558: checking whether to use symlinks for manpages
configure:2567: result: no
configure:2570: checking whether to compress the manpages
configure:2583: result: no
configure:2597: checking whether to add a package name suffix for the manpages
configure:2610: result: no
configure:2674: checking for gcc
configure:2690: found /usr/bin/gcc
configure:2701: result: gcc
configure:2930: checking for C compiler version
configure:2939: gcc --version >&5
Apple LLVM version 6.0 (clang-600.0.56) (based on LLVM 3.5svn)
Target: x86_64-apple-darwin14.1.0
Thread model: posix
Configured with: --prefix=/Library/Developer/CommandLineTools/usr --with-gxx-include-dir=/usr/include/c++/4.2.1
configure:2950: $? = 0
configure:2939: gcc -v >&5
Configured with: --prefix=/Library/Developer/CommandLineTools/usr --with-gxx-include-dir=/usr/include/c++/4.2.1
Apple LLVM version 6.0 (clang-600.0.56) (based on LLVM 3.5svn)
Target: x86_64-apple-darwin14.1.0
Thread model: posix
configure:2950: $? = 0
configure:2939: gcc -V >&5
clang: error: argument to '-V' is missing (expected 1 value)
clang: error: no input files
configure:2950: $? = 1
configure:2939: gcc -qversion >&5
clang: error: unknown argument: '-qversion'
clang: error: no input files
configure:2950: $? = 1
configure:2970: checking whether the C compiler works
configure:2992: gcc    conftest.c  >&5
configure:2996: $? = 0
configure:3044: result: yes
configure:3047: checking for C compiler default output file name
configure:3049: result: a.out
configure:3055: checking for suffix of executables
configure:3062: gcc -o conftest    conftest.c  >&5
configure:3066: $? = 0
configure:3088: result: 
configure:3110: checking whether we are cross compiling
configure:3118: gcc -o conftest    conftest.c  >&5
configure:3122: $? = 0
configure:3129: ./conftest
configure:3133: $? = 0
configure:3148: result: no
configure:3153: checking for suffix of object files
configure:3175: gcc -c   conftest.c >&5
configure:3179: $? = 0
configure:3200: result: o
configure:3204: checking whether we are using the GNU C compiler
configure:3223: gcc -c   conftest.c >&5
configure:3223: $? = 0
configure:3232: result: yes
configure:3241: checking whether gcc accepts -g
configure:3261: gcc -c -g  conftest.c >&5
configure:3261: $? = 0
configure:3302: result: yes
configure:3319: checking for gcc option to accept ISO C89
configure:3382: gcc  -c   conftest.c >&5
configure:3382: $? = 0
configure:3395: result: none needed
configure:3424: checking how to run the C preprocessor
configure:3455: gcc -E  conftest.c
configure:3455: $? = 0
configure:3469: gcc -E  conftest.c
conftest.c:9:10: fatal error: 'ac_nonexistent.h' file not found
#include <ac_nonexistent.h>
         ^
1 error generated.
configure:3469: $? = 1
configure: failed program was:
| /* confdefs.h */
| #define PACKAGE_NAME "tk"
| #define PACKAGE_TARNAME "tk"
| #define PACKAGE_VERSION "8.5"
| #define PACKAGE_STRING "tk 8.5"
| #define PACKAGE_BUGREPORT ""
| #define PACKAGE_URL ""
| /* end confdefs.h.  */
| #include <ac_nonexistent.h>
configure:3494: result: gcc -E
configure:3514: gcc -E  conftest.c
configure:3514: $? = 0
configure:3528: gcc -E  conftest.c
conftest.c:9:10: fatal error: 'ac_nonexistent.h' file not found
#include <ac_nonexistent.h>
         ^
1 error generated.
configure:3528: $? = 1
configure: failed program was:
| /* confdefs.h */
| #define PACKAGE_NAME "tk"
| #define PACKAGE_TARNAME "tk"
| #define PACKAGE_VERSION "8.5"
| #define PACKAGE_STRING "tk 8.5"
| #define PACKAGE_BUGREPORT ""
| #define PACKAGE_URL ""
| /* end confdefs.h.  */
| #include <ac_nonexistent.h>
configure:3557: checking for grep that handles long lines and -e
configure:3615: result: /usr/bin/grep
configure:3620: checking for egrep
configure:3682: result: /usr/bin/grep -E
configure:3687: checking for ANSI C header files
configure:3707: gcc -c   conftest.c >&5
configure:3707: $? = 0
configure:3780: gcc -o conftest    conftest.c  >&5
configure:3780: $? = 0
configure:3780: ./conftest
configure:3780: $? = 0
configure:3791: result: yes
configure:3804: checking for sys/types.h
configure:3804: gcc -c   conftest.c >&5
configure:3804: $? = 0
configure:3804: result: yes
configure:3804: checking for sys/stat.h
configure:3804: gcc -c   conftest.c >&5
configure:3804: $? = 0
configure:3804: result: yes
configure:3804: checking for stdlib.h
configure:3804: gcc -c   conftest.c >&5
configure:3804: $? = 0
configure:3804: result: yes
configure:3804: checking for string.h
configure:3804: gcc -c   conftest.c >&5
configure:3804: $? = 0
configure:3804: result: yes
configure:3804: checking for memory.h
configure:3804: gcc -c   conftest.c >&5
configure:3804: $? = 0
configure:3804: result: yes
configure:3804: checking for strings.h
configure:3804: gcc -c   conftest.c >&5
configure:3804: $? = 0
configure:3804: result: yes
configure:3804: checking for inttypes.h
configure:3804: gcc -c   conftest.c >&5
configure:3804: $? = 0
configure:3804: result: yes
configure:3804: checking for stdint.h
configure:3804: gcc -c   conftest.c >&5
configure:3804: $? = 0
configure:3804: result: yes
configure:3804: checking for unistd.h
configure:3804: gcc -c   conftest.c >&5
configure:3804: $? = 0
configure:3804: result: yes
configure:3816: checking limits.h usability
configure:3816: gcc -c   conftest.c >&5
configure:3816: $? = 0
configure:3816: result: yes
configure:3816: checking limits.h presence
configure:3816: gcc -E  conftest.c
configure:3816: $? = 0
configure:3816: result: yes
configure:3816: checking for limits.h
configure:3816: result: yes
configure:3834: checking for stdlib.h
configure:3834: result: yes
configure:3893: checking if the compiler understands -pipe
configure:3911: gcc -c  -pipe  conftest.c >&5
configure:3911: $? = 0
configure:3919: result: yes
configure:3961: checking for pthread_mutex_init in -lpthread
configure:3986: gcc -o conftest  -pipe   conftest.c -lpthread   >&5
configure:3986: $? = 0
configure:3995: result: yes
configure:4208: checking for pthread_attr_setstacksize
configure:4208: gcc -o conftest  -pipe   conftest.c   -lpthread >&5
configure:4208: $? = 0
configure:4208: result: yes
configure:4208: checking for pthread_atfork
configure:4208: gcc -o conftest  -pipe   conftest.c   -lpthread >&5
configure:4208: $? = 0
configure:4208: result: yes
configure:4217: checking for pthread_attr_get_np
configure:4217: gcc -o conftest  -pipe   conftest.c   -lpthread >&5
Undefined symbols for architecture x86_64:
  "_pthread_attr_get_np", referenced from:
      _main in conftest-491356.o
ld: symbol(s) not found for architecture x86_64
clang: error: linker command failed with exit code 1 (use -v to see invocation)
configure:4217: $? = 1
configure: failed program was:
| /* confdefs.h */
| #define PACKAGE_NAME "tk"
| #define PACKAGE_TARNAME "tk"
| #define PACKAGE_VERSION "8.5"
| #define PACKAGE_STRING "tk 8.5"
| #define PACKAGE_BUGREPORT ""
| #define PACKAGE_URL ""
| #define STDC_HEADERS 1
| #define HAVE_SYS_TYPES_H 1
| #define HAVE_SYS_STAT_H 1
| #define HAVE_STDLIB_H 1
| #define HAVE_STRING_H 1
| #define HAVE_MEMORY_H 1
| #define HAVE_STRINGS_H 1
| #define HAVE_INTTYPES_H 1
| #define HAVE_STDINT_H 1
| #define HAVE_UNISTD_H 1
| #define HAVE_LIMITS_H 1
| #define USE_THREAD_ALLOC 1
| #define _REENTRANT 1
| #define _THREAD_SAFE 1
| #define HAVE_PTHREAD_ATTR_SETSTACKSIZE 1
| #define HAVE_PTHREAD_ATFORK 1
| /* end confdefs.h.  */
| /* Define pthread_attr_get_np to an innocuous variant, in case <limits.h> declares pthread_attr_get_np.
|    For example, HP-UX 11i <limits.h> declares gettimeofday.  */
| #define pthread_attr_get_np innocuous_pthread_attr_get_np
| 
| /* System header to define __stub macros and hopefully few prototypes,
|     which can conflict with char pthread_attr_get_np (); below.
|     Prefer <limits.h> to <assert.h> if __STDC__ is defined, since
|     <limits.h> exists even on freestanding compilers.  */
| 
| #ifdef __STDC__
| # include <limits.h>
| #else
| # include <assert.h>
| #endif
| 
| #undef pthread_attr_get_np
| 
| /* Override any GCC internal prototype to avoid an error.
|    Use char because int might match the return type of a GCC
|    builtin and then its argument prototype would still apply.  */
| #ifdef __cplusplus
| extern "C"
| #endif
| char pthread_attr_get_np ();
| /* The GNU C library defines this for functions which it implements
|     to always fail with ENOSYS.  Some functions are actually named
|     something starting with __ and the normal name is an alias.  */
| #if defined __stub_pthread_attr_get_np || defined __stub___pthread_attr_get_np
| choke me
| #endif
| 
| int
| main ()
| {
| return pthread_attr_get_np ();
|   ;
|   return 0;
| }
configure:4217: result: no
configure:4256: checking for pthread_getattr_np
configure:4256: gcc -o conftest  -pipe   conftest.c   -lpthread >&5
Undefined symbols for architecture x86_64:
  "_pthread_getattr_np", referenced from:
      _main in conftest-9467a8.o
ld: symbol(s) not found for architecture x86_64
clang: error: linker command failed with exit code 1 (use -v to see invocation)
configure:4256: $? = 1
configure: failed program was:
| /* confdefs.h */
| #define PACKAGE_NAME "tk"
| #define PACKAGE_TARNAME "tk"
| #define PACKAGE_VERSION "8.5"
| #define PACKAGE_STRING "tk 8.5"
| #define PACKAGE_BUGREPORT ""
| #define PACKAGE_URL ""
| #define STDC_HEADERS 1
| #define HAVE_SYS_TYPES_H 1
| #define HAVE_SYS_STAT_H 1
| #define HAVE_STDLIB_H 1
| #define HAVE_STRING_H 1
| #define HAVE_MEMORY_H 1
| #define HAVE_STRINGS_H 1
| #define HAVE_INTTYPES_H 1
| #define HAVE_STDINT_H 1
| #define HAVE_UNISTD_H 1
| #define HAVE_LIMITS_H 1
| #define USE_THREAD_ALLOC 1
| #define _REENTRANT 1
| #define _THREAD_SAFE 1
| #define HAVE_PTHREAD_ATTR_SETSTACKSIZE 1
| #define HAVE_PTHREAD_ATFORK 1
| /* end confdefs.h.  */
| /* Define pthread_getattr_np to an innocuous variant, in case <limits.h> declares pthread_getattr_np.
|    For example, HP-UX 11i <limits.h> declares gettimeofday.  */
| #define pthread_getattr_np innocuous_pthread_getattr_np
| 
| /* System header to define __stub macros and hopefully few prototypes,
|     which can conflict with char pthread_getattr_np (); below.
|     Prefer <limits.h> to <assert.h> if __STDC__ is defined, since
|     <limits.h> exists even on freestanding compilers.  */
| 
| #ifdef __STDC__
| # include <limits.h>
| #else
| # include <assert.h>
| #endif
| 
| #undef pthread_getattr_np
| 
| /* Override any GCC internal prototype to avoid an error.
|    Use char because int might match the return type of a GCC
|    builtin and then its argument prototype would still apply.  */
| #ifdef __cplusplus
| extern "C"
| #endif
| char pthread_getattr_np ();
| /* The GNU C library defines this for functions which it implements
|     to always fail with ENOSYS.  Some functions are actually named
|     something starting with __ and the normal name is an alias.  */
| #if defined __stub_pthread_getattr_np || defined __stub___pthread_getattr_np
| choke me
| #endif
| 
| int
| main ()
| {
| return pthread_getattr_np ();
|   ;
|   return 0;
| }
configure:4256: result: no
configure:4300: checking for pthread_get_stacksize_np
configure:4300: gcc -o conftest  -pipe   conftest.c   -lpthread >&5
configure:4300: $? = 0
configure:4300: result: yes
configure:4315: checking for building with threads
configure:4322: result: yes (threaded core)
configure:4340: checking how to build libraries
configure:4358: result: shared
configure:4420: checking for ranlib
configure:4436: found /usr/bin/ranlib
configure:4447: result: ranlib
configure:4473: checking if 64bit support is requested
configure:4482: result: no
configure:4487: checking if 64bit Sparc VIS support is requested
configure:4496: result: no
configure:4506: checking if compiler supports visibility "hidden"
configure:4526: gcc -o conftest  -pipe -Werror   conftest.c  -lpthread >&5
configure:4526: $? = 0
configure:4535: result: yes
configure:4547: checking if rpath support is requested
configure:4556: result: yes
configure:4563: checking system version
configure:4591: result: Darwin-14.1.0
configure:4599: checking for dlopen in -ldl
configure:4624: gcc -o conftest  -pipe   conftest.c -ldl   -lpthread >&5
configure:4624: $? = 0
configure:4633: result: yes
configure:4715: checking for ar
configure:4731: found /usr/bin/ar
configure:4742: result: ar
configure:5610: checking if ld accepts -single_module flag
configure:5629: gcc -o conftest -pipe     -dynamiclib -Wl,-single_module conftest.c  -lpthread >&5
configure:5629: $? = 0
configure:5638: result: yes
configure:5655: checking if ld accepts -search_paths_first flag
configure:5674: gcc -o conftest -pipe     -prebind -headerpad_max_install_names -Wl,-search_paths_first conftest.c  -lpthread >&5
configure:5674: $? = 0
configure:5683: result: yes
configure:5705: checking whether to use CoreFoundation
configure:5714: result: yes
configure:5718: checking for CoreFoundation.framework
configure:5747: gcc -o conftest -pipe     -prebind -headerpad_max_install_names -Wl,-search_paths_first conftest.c  -lpthread -framework CoreFoundation >&5
configure:5747: $? = 0
configure:5762: result: yes
configure:6366: checking for cast to union support
configure:6385: gcc -c -pipe    conftest.c >&5
configure:6385: $? = 0
configure:6393: result: yes
configure:6443: checking for build with symbols
configure:6460: result: no
configure:6500: checking for required early compiler flags
configure:6518: gcc -c -pipe    conftest.c >&5
configure:6518: $? = 0
configure:6565: gcc -c -pipe    conftest.c >&5
conftest.c:38:28: warning: 'stat64' is deprecated: first deprecated in OS X 10.6 [-Wdeprecated-declarations]
struct stat64 buf; int i = stat64("/", &buf);
                           ^
/usr/include/sys/stat.h:391:5: note: 'stat64' has been explicitly marked deprecated here
int     stat64(const char *, struct stat64 *) __OSX_AVAILABLE_BUT_DEPRECATED(__MAC_10_5,__MAC_10_6,__IPHONE_NA,__IPHONE_NA);
        ^
1 warning generated.
configure:6565: $? = 0
configure:6612: gcc -c -pipe    conftest.c >&5
conftest.c:38:19: error: use of undeclared identifier 'open64'
char *p = (char *)open64;
                  ^
1 error generated.
configure:6612: $? = 1
configure: failed program was:
| /* confdefs.h */
| #define PACKAGE_NAME "tk"
| #define PACKAGE_TARNAME "tk"
| #define PACKAGE_VERSION "8.5"
| #define PACKAGE_STRING "tk 8.5"
| #define PACKAGE_BUGREPORT ""
| #define PACKAGE_URL ""
| #define STDC_HEADERS 1
| #define HAVE_SYS_TYPES_H 1
| #define HAVE_SYS_STAT_H 1
| #define HAVE_STDLIB_H 1
| #define HAVE_STRING_H 1
| #define HAVE_MEMORY_H 1
| #define HAVE_STRINGS_H 1
| #define HAVE_INTTYPES_H 1
| #define HAVE_STDINT_H 1
| #define HAVE_UNISTD_H 1
| #define HAVE_LIMITS_H 1
| #define USE_THREAD_ALLOC 1
| #define _REENTRANT 1
| #define _THREAD_SAFE 1
| #define HAVE_PTHREAD_ATTR_SETSTACKSIZE 1
| #define HAVE_PTHREAD_ATFORK 1
| #define HAVE_PTHREAD_GET_STACKSIZE_NP 1
| #define TCL_THREADS 1
| #define MODULE_SCOPE extern __attribute__((__visibility__("hidden")))
| #define MAC_OSX_TCL 1
| #define HAVE_COREFOUNDATION 1
| #define HAVE_CAST_TO_UNION 1
| #define TCL_SHLIB_EXT ".dylib"
| #define NDEBUG 1
| #define TCL_CFG_OPTIMIZED 1
| /* end confdefs.h.  */
| #include <sys/stat.h>
| int
| main ()
| {
| char *p = (char *)open64;
|   ;
|   return 0;
| }
configure:6627: gcc -c -pipe    conftest.c >&5
conftest.c:39:19: error: use of undeclared identifier 'open64'
char *p = (char *)open64;
                  ^
1 error generated.
configure:6627: $? = 1
configure: failed program was:
| /* confdefs.h */
| #define PACKAGE_NAME "tk"
| #define PACKAGE_TARNAME "tk"
| #define PACKAGE_VERSION "8.5"
| #define PACKAGE_STRING "tk 8.5"
| #define PACKAGE_BUGREPORT ""
| #define PACKAGE_URL ""
| #define STDC_HEADERS 1
| #define HAVE_SYS_TYPES_H 1
| #define HAVE_SYS_STAT_H 1
| #define HAVE_STDLIB_H 1
| #define HAVE_STRING_H 1
| #define HAVE_MEMORY_H 1
| #define HAVE_STRINGS_H 1
| #define HAVE_INTTYPES_H 1
| #define HAVE_STDINT_H 1
| #define HAVE_UNISTD_H 1
| #define HAVE_LIMITS_H 1
| #define USE_THREAD_ALLOC 1
| #define _REENTRANT 1
| #define _THREAD_SAFE 1
| #define HAVE_PTHREAD_ATTR_SETSTACKSIZE 1
| #define HAVE_PTHREAD_ATFORK 1
| #define HAVE_PTHREAD_GET_STACKSIZE_NP 1
| #define TCL_THREADS 1
| #define MODULE_SCOPE extern __attribute__((__visibility__("hidden")))
| #define MAC_OSX_TCL 1
| #define HAVE_COREFOUNDATION 1
| #define HAVE_CAST_TO_UNION 1
| #define TCL_SHLIB_EXT ".dylib"
| #define NDEBUG 1
| #define TCL_CFG_OPTIMIZED 1
| /* end confdefs.h.  */
| #define _LARGEFILE_SOURCE64 1
| #include <sys/stat.h>
| int
| main ()
| {
| char *p = (char *)open64;
|   ;
|   return 0;
| }
configure:6645: result: none
configure:6654: checking for 64-bit integer type
configure:6673: gcc -c -pipe    conftest.c >&5
conftest.c:38:1: error: use of undeclared identifier '__int64'
__int64 value = (__int64) 0;
^
1 error generated.
configure:6673: $? = 1
configure: failed program was:
| /* confdefs.h */
| #define PACKAGE_NAME "tk"
| #define PACKAGE_TARNAME "tk"
| #define PACKAGE_VERSION "8.5"
| #define PACKAGE_STRING "tk 8.5"
| #define PACKAGE_BUGREPORT ""
| #define PACKAGE_URL ""
| #define STDC_HEADERS 1
| #define HAVE_SYS_TYPES_H 1
| #define HAVE_SYS_STAT_H 1
| #define HAVE_STDLIB_H 1
| #define HAVE_STRING_H 1
| #define HAVE_MEMORY_H 1
| #define HAVE_STRINGS_H 1
| #define HAVE_INTTYPES_H 1
| #define HAVE_STDINT_H 1
| #define HAVE_UNISTD_H 1
| #define HAVE_LIMITS_H 1
| #define USE_THREAD_ALLOC 1
| #define _REENTRANT 1
| #define _THREAD_SAFE 1
| #define HAVE_PTHREAD_ATTR_SETSTACKSIZE 1
| #define HAVE_PTHREAD_ATFORK 1
| #define HAVE_PTHREAD_GET_STACKSIZE_NP 1
| #define TCL_THREADS 1
| #define MODULE_SCOPE extern __attribute__((__visibility__("hidden")))
| #define MAC_OSX_TCL 1
| #define HAVE_COREFOUNDATION 1
| #define HAVE_CAST_TO_UNION 1
| #define TCL_SHLIB_EXT ".dylib"
| #define NDEBUG 1
| #define TCL_CFG_OPTIMIZED 1
| /* end confdefs.h.  */
| 
| int
| main ()
| {
| __int64 value = (__int64) 0;
|   ;
|   return 0;
| }
configure:6695: gcc -c -pipe    conftest.c >&5
conftest.c:39:26: error: duplicate case value '1'
            case 1: case (sizeof(long long)==sizeof(long)): ;
                         ^
conftest.c:39:18: note: previous case defined here
            case 1: case (sizeof(long long)==sizeof(long)): ;
                 ^
1 error generated.
configure:6695: $? = 1
configure: failed program was:
| /* confdefs.h */
| #define PACKAGE_NAME "tk"
| #define PACKAGE_TARNAME "tk"
| #define PACKAGE_VERSION "8.5"
| #define PACKAGE_STRING "tk 8.5"
| #define PACKAGE_BUGREPORT ""
| #define PACKAGE_URL ""
| #define STDC_HEADERS 1
| #define HAVE_SYS_TYPES_H 1
| #define HAVE_SYS_STAT_H 1
| #define HAVE_STDLIB_H 1
| #define HAVE_STRING_H 1
| #define HAVE_MEMORY_H 1
| #define HAVE_STRINGS_H 1
| #define HAVE_INTTYPES_H 1
| #define HAVE_STDINT_H 1
| #define HAVE_UNISTD_H 1
| #define HAVE_LIMITS_H 1
| #define USE_THREAD_ALLOC 1
| #define _REENTRANT 1
| #define _THREAD_SAFE 1
| #define HAVE_PTHREAD_ATTR_SETSTACKSIZE 1
| #define HAVE_PTHREAD_ATFORK 1
| #define HAVE_PTHREAD_GET_STACKSIZE_NP 1
| #define TCL_THREADS 1
| #define MODULE_SCOPE extern __attribute__((__visibility__("hidden")))
| #define MAC_OSX_TCL 1
| #define HAVE_COREFOUNDATION 1
| #define HAVE_CAST_TO_UNION 1
| #define TCL_SHLIB_EXT ".dylib"
| #define NDEBUG 1
| #define TCL_CFG_OPTIMIZED 1
| /* end confdefs.h.  */
| 
| int
| main ()
| {
| switch (0) {
|             case 1: case (sizeof(long long)==sizeof(long)): ;
|         }
|   ;
|   return 0;
| }
configure:6705: result: using long
configure:6840: checking whether byte ordering is bigendian
configure:6855: gcc -c -pipe    conftest.c >&5
configure:6855: $? = 0
configure:6900: gcc -c -pipe    conftest.c >&5
configure:6900: $? = 0
configure:6918: gcc -c -pipe    conftest.c >&5
conftest.c:42:4: error: use of undeclared identifier 'not'
                 not big endian
                 ^
1 error generated.
configure:6918: $? = 1
configure: failed program was:
| /* confdefs.h */
| #define PACKAGE_NAME "tk"
| #define PACKAGE_TARNAME "tk"
| #define PACKAGE_VERSION "8.5"
| #define PACKAGE_STRING "tk 8.5"
| #define PACKAGE_BUGREPORT ""
| #define PACKAGE_URL ""
| #define STDC_HEADERS 1
| #define HAVE_SYS_TYPES_H 1
| #define HAVE_SYS_STAT_H 1
| #define HAVE_STDLIB_H 1
| #define HAVE_STRING_H 1
| #define HAVE_MEMORY_H 1
| #define HAVE_STRINGS_H 1
| #define HAVE_INTTYPES_H 1
| #define HAVE_STDINT_H 1
| #define HAVE_UNISTD_H 1
| #define HAVE_LIMITS_H 1
| #define USE_THREAD_ALLOC 1
| #define _REENTRANT 1
| #define _THREAD_SAFE 1
| #define HAVE_PTHREAD_ATTR_SETSTACKSIZE 1
| #define HAVE_PTHREAD_ATFORK 1
| #define HAVE_PTHREAD_GET_STACKSIZE_NP 1
| #define TCL_THREADS 1
| #define MODULE_SCOPE extern __attribute__((__visibility__("hidden")))
| #define MAC_OSX_TCL 1
| #define HAVE_COREFOUNDATION 1
| #define HAVE_CAST_TO_UNION 1
| #define TCL_SHLIB_EXT ".dylib"
| #define NDEBUG 1
| #define TCL_CFG_OPTIMIZED 1
| #define TCL_WIDE_INT_IS_LONG 1
| /* end confdefs.h.  */
| #include <sys/types.h>
| 		#include <sys/param.h>
| 
| int
| main ()
| {
| #if BYTE_ORDER != BIG_ENDIAN
| 		 not big endian
| 		#endif
| 
|   ;
|   return 0;
| }
configure:7046: result: no
configure:7095: checking for fd_set in sys/types
configure:7112: gcc -c -pipe    conftest.c >&5
configure:7112: $? = 0
configure:7119: result: yes
configure:7164: checking sys/time.h usability
configure:7164: gcc -c -pipe    conftest.c >&5
configure:7164: $? = 0
configure:7164: result: yes
configure:7164: checking sys/time.h presence
configure:7164: gcc -E   conftest.c
configure:7164: $? = 0
configure:7164: result: yes
configure:7164: checking for sys/time.h
configure:7164: result: yes
configure:7174: checking whether time.h and sys/time.h may both be included
configure:7194: gcc -c -pipe    conftest.c >&5
configure:7194: $? = 0
configure:7201: result: yes
configure:7218: checking for strtod
configure:7218: gcc -o conftest -pipe     -prebind -headerpad_max_install_names -Wl,-search_paths_first  conftest.c  -lpthread -framework CoreFoundation >&5
configure:7218: $? = 0
configure:7218: result: yes
configure:7226: checking for Solaris2.4/Tru64 strtod bugs
configure:7258: gcc -o conftest -pipe     -prebind -headerpad_max_install_names -Wl,-search_paths_first  conftest.c  -lpthread -framework CoreFoundation >&5
conftest.c:45:4: warning: implicitly declaring library function 'exit' with type 'void (int) __attribute__((noreturn))'
                        exit(1);
                        ^
conftest.c:45:4: note: please include the header <stdlib.h> or explicitly provide a declaration for 'exit'
1 warning generated.
configure:7258: $? = 0
configure:7258: ./conftest
configure:7258: $? = 0
configure:7268: result: ok
configure:7290: checking for mode_t
configure:7290: gcc -c -pipe    conftest.c >&5
configure:7290: $? = 0
configure:7290: gcc -c -pipe    conftest.c >&5
conftest.c:73:21: error: expected expression
if (sizeof ((mode_t)))
                    ^
1 error generated.
configure:7290: $? = 1
configure: failed program was:
| /* confdefs.h */
| #define PACKAGE_NAME "tk"
| #define PACKAGE_TARNAME "tk"
| #define PACKAGE_VERSION "8.5"
| #define PACKAGE_STRING "tk 8.5"
| #define PACKAGE_BUGREPORT ""
| #define PACKAGE_URL ""
| #define STDC_HEADERS 1
| #define HAVE_SYS_TYPES_H 1
| #define HAVE_SYS_STAT_H 1
| #define HAVE_STDLIB_H 1
| #define HAVE_STRING_H 1
| #define HAVE_MEMORY_H 1
| #define HAVE_STRINGS_H 1
| #define HAVE_INTTYPES_H 1
| #define HAVE_STDINT_H 1
| #define HAVE_UNISTD_H 1
| #define HAVE_LIMITS_H 1
| #define USE_THREAD_ALLOC 1
| #define _REENTRANT 1
| #define _THREAD_SAFE 1
| #define HAVE_PTHREAD_ATTR_SETSTACKSIZE 1
| #define HAVE_PTHREAD_ATFORK 1
| #define HAVE_PTHREAD_GET_STACKSIZE_NP 1
| #define TCL_THREADS 1
| #define MODULE_SCOPE extern __attribute__((__visibility__("hidden")))
| #define MAC_OSX_TCL 1
| #define HAVE_COREFOUNDATION 1
| #define HAVE_CAST_TO_UNION 1
| #define TCL_SHLIB_EXT ".dylib"
| #define NDEBUG 1
| #define TCL_CFG_OPTIMIZED 1
| #define TCL_WIDE_INT_IS_LONG 1
| #define HAVE_SYS_TIME_H 1
| #define TIME_WITH_SYS_TIME 1
| /* end confdefs.h.  */
| #include <stdio.h>
| #ifdef HAVE_SYS_TYPES_H
| # include <sys/types.h>
| #endif
| #ifdef HAVE_SYS_STAT_H
| # include <sys/stat.h>
| #endif
| #ifdef STDC_HEADERS
| # include <stdlib.h>
| # include <stddef.h>
| #else
| # ifdef HAVE_STDLIB_H
| #  include <stdlib.h>
| # endif
| #endif
| #ifdef HAVE_STRING_H
| # if !defined STDC_HEADERS && defined HAVE_MEMORY_H
| #  include <memory.h>
| # endif
| # include <string.h>
| #endif
| #ifdef HAVE_STRINGS_H
| # include <strings.h>
| #endif
| #ifdef HAVE_INTTYPES_H
| # include <inttypes.h>
| #endif
| #ifdef HAVE_STDINT_H
| # include <stdint.h>
| #endif
| #ifdef HAVE_UNISTD_H
| # include <unistd.h>
| #endif
| int
| main ()
| {
| if (sizeof ((mode_t)))
| 	    return 0;
|   ;
|   return 0;
| }
configure:7290: result: yes
configure:7301: checking for pid_t
configure:7301: gcc -c -pipe    conftest.c >&5
configure:7301: $? = 0
configure:7301: gcc -c -pipe    conftest.c >&5
conftest.c:73:20: error: expected expression
if (sizeof ((pid_t)))
                   ^
1 error generated.
configure:7301: $? = 1
configure: failed program was:
| /* confdefs.h */
| #define PACKAGE_NAME "tk"
| #define PACKAGE_TARNAME "tk"
| #define PACKAGE_VERSION "8.5"
| #define PACKAGE_STRING "tk 8.5"
| #define PACKAGE_BUGREPORT ""
| #define PACKAGE_URL ""
| #define STDC_HEADERS 1
| #define HAVE_SYS_TYPES_H 1
| #define HAVE_SYS_STAT_H 1
| #define HAVE_STDLIB_H 1
| #define HAVE_STRING_H 1
| #define HAVE_MEMORY_H 1
| #define HAVE_STRINGS_H 1
| #define HAVE_INTTYPES_H 1
| #define HAVE_STDINT_H 1
| #define HAVE_UNISTD_H 1
| #define HAVE_LIMITS_H 1
| #define USE_THREAD_ALLOC 1
| #define _REENTRANT 1
| #define _THREAD_SAFE 1
| #define HAVE_PTHREAD_ATTR_SETSTACKSIZE 1
| #define HAVE_PTHREAD_ATFORK 1
| #define HAVE_PTHREAD_GET_STACKSIZE_NP 1
| #define TCL_THREADS 1
| #define MODULE_SCOPE extern __attribute__((__visibility__("hidden")))
| #define MAC_OSX_TCL 1
| #define HAVE_COREFOUNDATION 1
| #define HAVE_CAST_TO_UNION 1
| #define TCL_SHLIB_EXT ".dylib"
| #define NDEBUG 1
| #define TCL_CFG_OPTIMIZED 1
| #define TCL_WIDE_INT_IS_LONG 1
| #define HAVE_SYS_TIME_H 1
| #define TIME_WITH_SYS_TIME 1
| /* end confdefs.h.  */
| #include <stdio.h>
| #ifdef HAVE_SYS_TYPES_H
| # include <sys/types.h>
| #endif
| #ifdef HAVE_SYS_STAT_H
| # include <sys/stat.h>
| #endif
| #ifdef STDC_HEADERS
| # include <stdlib.h>
| # include <stddef.h>
| #else
| # ifdef HAVE_STDLIB_H
| #  include <stdlib.h>
| # endif
| #endif
| #ifdef HAVE_STRING_H
| # if !defined STDC_HEADERS && defined HAVE_MEMORY_H
| #  include <memory.h>
| # endif
| # include <string.h>
| #endif
| #ifdef HAVE_STRINGS_H
| # include <strings.h>
| #endif
| #ifdef HAVE_INTTYPES_H
| # include <inttypes.h>
| #endif
| #ifdef HAVE_STDINT_H
| # include <stdint.h>
| #endif
| #ifdef HAVE_UNISTD_H
| # include <unistd.h>
| #endif
| int
| main ()
| {
| if (sizeof ((pid_t)))
| 	    return 0;
|   ;
|   return 0;
| }
configure:7301: result: yes
configure:7312: checking for size_t
configure:7312: gcc -c -pipe    conftest.c >&5
configure:7312: $? = 0
configure:7312: gcc -c -pipe    conftest.c >&5
conftest.c:73:21: error: expected expression
if (sizeof ((size_t)))
                    ^
1 error generated.
configure:7312: $? = 1
configure: failed program was:
| /* confdefs.h */
| #define PACKAGE_NAME "tk"
| #define PACKAGE_TARNAME "tk"
| #define PACKAGE_VERSION "8.5"
| #define PACKAGE_STRING "tk 8.5"
| #define PACKAGE_BUGREPORT ""
| #define PACKAGE_URL ""
| #define STDC_HEADERS 1
| #define HAVE_SYS_TYPES_H 1
| #define HAVE_SYS_STAT_H 1
| #define HAVE_STDLIB_H 1
| #define HAVE_STRING_H 1
| #define HAVE_MEMORY_H 1
| #define HAVE_STRINGS_H 1
| #define HAVE_INTTYPES_H 1
| #define HAVE_STDINT_H 1
| #define HAVE_UNISTD_H 1
| #define HAVE_LIMITS_H 1
| #define USE_THREAD_ALLOC 1
| #define _REENTRANT 1
| #define _THREAD_SAFE 1
| #define HAVE_PTHREAD_ATTR_SETSTACKSIZE 1
| #define HAVE_PTHREAD_ATFORK 1
| #define HAVE_PTHREAD_GET_STACKSIZE_NP 1
| #define TCL_THREADS 1
| #define MODULE_SCOPE extern __attribute__((__visibility__("hidden")))
| #define MAC_OSX_TCL 1
| #define HAVE_COREFOUNDATION 1
| #define HAVE_CAST_TO_UNION 1
| #define TCL_SHLIB_EXT ".dylib"
| #define NDEBUG 1
| #define TCL_CFG_OPTIMIZED 1
| #define TCL_WIDE_INT_IS_LONG 1
| #define HAVE_SYS_TIME_H 1
| #define TIME_WITH_SYS_TIME 1
| /* end confdefs.h.  */
| #include <stdio.h>
| #ifdef HAVE_SYS_TYPES_H
| # include <sys/types.h>
| #endif
| #ifdef HAVE_SYS_STAT_H
| # include <sys/stat.h>
| #endif
| #ifdef STDC_HEADERS
| # include <stdlib.h>
| # include <stddef.h>
| #else
| # ifdef HAVE_STDLIB_H
| #  include <stdlib.h>
| # endif
| #endif
| #ifdef HAVE_STRING_H
| # if !defined STDC_HEADERS && defined HAVE_MEMORY_H
| #  include <memory.h>
| # endif
| # include <string.h>
| #endif
| #ifdef HAVE_STRINGS_H
| # include <strings.h>
| #endif
| #ifdef HAVE_INTTYPES_H
| # include <inttypes.h>
| #endif
| #ifdef HAVE_STDINT_H
| # include <stdint.h>
| #endif
| #ifdef HAVE_UNISTD_H
| # include <unistd.h>
| #endif
| int
| main ()
| {
| if (sizeof ((size_t)))
| 	    return 0;
|   ;
|   return 0;
| }
configure:7312: result: yes
configure:7323: checking for uid_t in sys/types.h
configure:7342: result: yes
configure:7354: checking for intptr_t
configure:7354: gcc -c -pipe    conftest.c >&5
configure:7354: $? = 0
configure:7354: gcc -c -pipe    conftest.c >&5
conftest.c:73:23: error: expected expression
if (sizeof ((intptr_t)))
                      ^
1 error generated.
configure:7354: $? = 1
configure: failed program was:
| /* confdefs.h */
| #define PACKAGE_NAME "tk"
| #define PACKAGE_TARNAME "tk"
| #define PACKAGE_VERSION "8.5"
| #define PACKAGE_STRING "tk 8.5"
| #define PACKAGE_BUGREPORT ""
| #define PACKAGE_URL ""
| #define STDC_HEADERS 1
| #define HAVE_SYS_TYPES_H 1
| #define HAVE_SYS_STAT_H 1
| #define HAVE_STDLIB_H 1
| #define HAVE_STRING_H 1
| #define HAVE_MEMORY_H 1
| #define HAVE_STRINGS_H 1
| #define HAVE_INTTYPES_H 1
| #define HAVE_STDINT_H 1
| #define HAVE_UNISTD_H 1
| #define HAVE_LIMITS_H 1
| #define USE_THREAD_ALLOC 1
| #define _REENTRANT 1
| #define _THREAD_SAFE 1
| #define HAVE_PTHREAD_ATTR_SETSTACKSIZE 1
| #define HAVE_PTHREAD_ATFORK 1
| #define HAVE_PTHREAD_GET_STACKSIZE_NP 1
| #define TCL_THREADS 1
| #define MODULE_SCOPE extern __attribute__((__visibility__("hidden")))
| #define MAC_OSX_TCL 1
| #define HAVE_COREFOUNDATION 1
| #define HAVE_CAST_TO_UNION 1
| #define TCL_SHLIB_EXT ".dylib"
| #define NDEBUG 1
| #define TCL_CFG_OPTIMIZED 1
| #define TCL_WIDE_INT_IS_LONG 1
| #define HAVE_SYS_TIME_H 1
| #define TIME_WITH_SYS_TIME 1
| /* end confdefs.h.  */
| #include <stdio.h>
| #ifdef HAVE_SYS_TYPES_H
| # include <sys/types.h>
| #endif
| #ifdef HAVE_SYS_STAT_H
| # include <sys/stat.h>
| #endif
| #ifdef STDC_HEADERS
| # include <stdlib.h>
| # include <stddef.h>
| #else
| # ifdef HAVE_STDLIB_H
| #  include <stdlib.h>
| # endif
| #endif
| #ifdef HAVE_STRING_H
| # if !defined STDC_HEADERS && defined HAVE_MEMORY_H
| #  include <memory.h>
| # endif
| # include <string.h>
| #endif
| #ifdef HAVE_STRINGS_H
| # include <strings.h>
| #endif
| #ifdef HAVE_INTTYPES_H
| # include <inttypes.h>
| #endif
| #ifdef HAVE_STDINT_H
| # include <stdint.h>
| #endif
| #ifdef HAVE_UNISTD_H
| # include <unistd.h>
| #endif
| int
| main ()
| {
| if (sizeof ((intptr_t)))
| 	    return 0;
|   ;
|   return 0;
| }
configure:7354: result: yes
configure:7405: checking for uintptr_t
configure:7405: gcc -c -pipe    conftest.c >&5
configure:7405: $? = 0
configure:7405: gcc -c -pipe    conftest.c >&5
conftest.c:74:24: error: expected expression
if (sizeof ((uintptr_t)))
                       ^
1 error generated.
configure:7405: $? = 1
configure: failed program was:
| /* confdefs.h */
| #define PACKAGE_NAME "tk"
| #define PACKAGE_TARNAME "tk"
| #define PACKAGE_VERSION "8.5"
| #define PACKAGE_STRING "tk 8.5"
| #define PACKAGE_BUGREPORT ""
| #define PACKAGE_URL ""
| #define STDC_HEADERS 1
| #define HAVE_SYS_TYPES_H 1
| #define HAVE_SYS_STAT_H 1
| #define HAVE_STDLIB_H 1
| #define HAVE_STRING_H 1
| #define HAVE_MEMORY_H 1
| #define HAVE_STRINGS_H 1
| #define HAVE_INTTYPES_H 1
| #define HAVE_STDINT_H 1
| #define HAVE_UNISTD_H 1
| #define HAVE_LIMITS_H 1
| #define USE_THREAD_ALLOC 1
| #define _REENTRANT 1
| #define _THREAD_SAFE 1
| #define HAVE_PTHREAD_ATTR_SETSTACKSIZE 1
| #define HAVE_PTHREAD_ATFORK 1
| #define HAVE_PTHREAD_GET_STACKSIZE_NP 1
| #define TCL_THREADS 1
| #define MODULE_SCOPE extern __attribute__((__visibility__("hidden")))
| #define MAC_OSX_TCL 1
| #define HAVE_COREFOUNDATION 1
| #define HAVE_CAST_TO_UNION 1
| #define TCL_SHLIB_EXT ".dylib"
| #define NDEBUG 1
| #define TCL_CFG_OPTIMIZED 1
| #define TCL_WIDE_INT_IS_LONG 1
| #define HAVE_SYS_TIME_H 1
| #define TIME_WITH_SYS_TIME 1
| #define HAVE_INTPTR_T 1
| /* end confdefs.h.  */
| #include <stdio.h>
| #ifdef HAVE_SYS_TYPES_H
| # include <sys/types.h>
| #endif
| #ifdef HAVE_SYS_STAT_H
| # include <sys/stat.h>
| #endif
| #ifdef STDC_HEADERS
| # include <stdlib.h>
| # include <stddef.h>
| #else
| # ifdef HAVE_STDLIB_H
| #  include <stdlib.h>
| # endif
| #endif
| #ifdef HAVE_STRING_H
| # if !defined STDC_HEADERS && defined HAVE_MEMORY_H
| #  include <memory.h>
| # endif
| # include <string.h>
| #endif
| #ifdef HAVE_STRINGS_H
| # include <strings.h>
| #endif
| #ifdef HAVE_INTTYPES_H
| # include <inttypes.h>
| #endif
| #ifdef HAVE_STDINT_H
| # include <stdint.h>
| #endif
| #ifdef HAVE_UNISTD_H
| # include <unistd.h>
| #endif
| int
| main ()
| {
| if (sizeof ((uintptr_t)))
| 	    return 0;
|   ;
|   return 0;
| }
configure:7405: result: yes
configure:7462: checking pw_gecos in struct pwd
configure:7479: gcc -c -pipe    conftest.c >&5
conftest.c:43:24: warning: expression result unused [-Wunused-value]
struct passwd pwd; pwd.pw_gecos;
                   ~~~ ^~~~~~~~
1 warning generated.
configure:7479: $? = 0
configure:7486: result: yes
configure:7499: checking whether to use Aqua
configure:7526: result: no
configure:7578: checking if ld accepts -weak-l flag
configure:7597: gcc -o conftest -pipe     -prebind -headerpad_max_install_names -Wl,-search_paths_first  -Wl,-weak-lm conftest.c  -lpthread -framework CoreFoundation >&5
configure:7597: $? = 0
configure:7606: result: yes
configure:7611: checking AvailabilityMacros.h usability
configure:7611: gcc -c -pipe    conftest.c >&5
configure:7611: $? = 0
configure:7611: result: yes
configure:7611: checking AvailabilityMacros.h presence
configure:7611: gcc -E   conftest.c
configure:7611: $? = 0
configure:7611: result: yes
configure:7611: checking for AvailabilityMacros.h
configure:7611: result: yes
configure:7622: checking if weak import is available
configure:7649: gcc -o conftest -pipe  -Werror    -prebind -headerpad_max_install_names -Wl,-search_paths_first  conftest.c  -lpthread -framework CoreFoundation >&5
configure:7649: $? = 0
configure:7658: result: yes
configure:7665: checking if Darwin SUSv3 extensions are available
configure:7693: gcc -c -pipe  -Werror   conftest.c >&5
configure:7693: $? = 0
configure:7701: result: yes
configure:7736: checking for X
configure:7844: gcc -E   conftest.c
conftest.c:43:10: fatal error: 'X11/Xlib.h' file not found
#include <X11/Xlib.h>
         ^
1 error generated.
configure:7844: $? = 1
configure: failed program was:
| /* confdefs.h */
| #define PACKAGE_NAME "tk"
| #define PACKAGE_TARNAME "tk"
| #define PACKAGE_VERSION "8.5"
| #define PACKAGE_STRING "tk 8.5"
| #define PACKAGE_BUGREPORT ""
| #define PACKAGE_URL ""
| #define STDC_HEADERS 1
| #define HAVE_SYS_TYPES_H 1
| #define HAVE_SYS_STAT_H 1
| #define HAVE_STDLIB_H 1
| #define HAVE_STRING_H 1
| #define HAVE_MEMORY_H 1
| #define HAVE_STRINGS_H 1
| #define HAVE_INTTYPES_H 1
| #define HAVE_STDINT_H 1
| #define HAVE_UNISTD_H 1
| #define HAVE_LIMITS_H 1
| #define USE_THREAD_ALLOC 1
| #define _REENTRANT 1
| #define _THREAD_SAFE 1
| #define HAVE_PTHREAD_ATTR_SETSTACKSIZE 1
| #define HAVE_PTHREAD_ATFORK 1
| #define HAVE_PTHREAD_GET_STACKSIZE_NP 1
| #define TCL_THREADS 1
| #define MODULE_SCOPE extern __attribute__((__visibility__("hidden")))
| #define MAC_OSX_TCL 1
| #define HAVE_COREFOUNDATION 1
| #define HAVE_CAST_TO_UNION 1
| #define TCL_SHLIB_EXT ".dylib"
| #define NDEBUG 1
| #define TCL_CFG_OPTIMIZED 1
| #define TCL_WIDE_INT_IS_LONG 1
| #define HAVE_SYS_TIME_H 1
| #define TIME_WITH_SYS_TIME 1
| #define HAVE_INTPTR_T 1
| #define HAVE_UINTPTR_T 1
| #define HAVE_PW_GECOS 1
| #define HAVE_AVAILABILITYMACROS_H 1
| #define HAVE_WEAK_IMPORT 1
| #define _DARWIN_C_SOURCE 1
| /* end confdefs.h.  */
| #include <X11/Xlib.h>
configure:7875: gcc -o conftest -pipe     -prebind -headerpad_max_install_names -Wl,-search_paths_first  conftest.c -lX11  -lpthread -framework CoreFoundation >&5
conftest.c:43:10: fatal error: 'X11/Xlib.h' file not found
#include <X11/Xlib.h>
         ^
1 error generated.
configure:7875: $? = 1
configure: failed program was:
| /* confdefs.h */
| #define PACKAGE_NAME "tk"
| #define PACKAGE_TARNAME "tk"
| #define PACKAGE_VERSION "8.5"
| #define PACKAGE_STRING "tk 8.5"
| #define PACKAGE_BUGREPORT ""
| #define PACKAGE_URL ""
| #define STDC_HEADERS 1
| #define HAVE_SYS_TYPES_H 1
| #define HAVE_SYS_STAT_H 1
| #define HAVE_STDLIB_H 1
| #define HAVE_STRING_H 1
| #define HAVE_MEMORY_H 1
| #define HAVE_STRINGS_H 1
| #define HAVE_INTTYPES_H 1
| #define HAVE_STDINT_H 1
| #define HAVE_UNISTD_H 1
| #define HAVE_LIMITS_H 1
| #define USE_THREAD_ALLOC 1
| #define _REENTRANT 1
| #define _THREAD_SAFE 1
| #define HAVE_PTHREAD_ATTR_SETSTACKSIZE 1
| #define HAVE_PTHREAD_ATFORK 1
| #define HAVE_PTHREAD_GET_STACKSIZE_NP 1
| #define TCL_THREADS 1
| #define MODULE_SCOPE extern __attribute__((__visibility__("hidden")))
| #define MAC_OSX_TCL 1
| #define HAVE_COREFOUNDATION 1
| #define HAVE_CAST_TO_UNION 1
| #define TCL_SHLIB_EXT ".dylib"
| #define NDEBUG 1
| #define TCL_CFG_OPTIMIZED 1
| #define TCL_WIDE_INT_IS_LONG 1
| #define HAVE_SYS_TIME_H 1
| #define TIME_WITH_SYS_TIME 1
| #define HAVE_INTPTR_T 1
| #define HAVE_UINTPTR_T 1
| #define HAVE_PW_GECOS 1
| #define HAVE_AVAILABILITYMACROS_H 1
| #define HAVE_WEAK_IMPORT 1
| #define _DARWIN_C_SOURCE 1
| /* end confdefs.h.  */
| #include <X11/Xlib.h>
| int
| main ()
| {
| XrmInitialize ()
|   ;
|   return 0;
| }
configure:7925: result: libraries /usr/X11/lib, headers /usr/X11/include
configure:8099: checking for main in -lXbsd
configure:8118: gcc -o conftest -pipe     -prebind -headerpad_max_install_names -Wl,-search_paths_first  conftest.c -lXbsd   -lpthread -framework CoreFoundation >&5
ld: library not found for -lXbsd
clang: error: linker command failed with exit code 1 (use -v to see invocation)
configure:8118: $? = 1
configure: failed program was:
| /* confdefs.h */
| #define PACKAGE_NAME "tk"
| #define PACKAGE_TARNAME "tk"
| #define PACKAGE_VERSION "8.5"
| #define PACKAGE_STRING "tk 8.5"
| #define PACKAGE_BUGREPORT ""
| #define PACKAGE_URL ""
| #define STDC_HEADERS 1
| #define HAVE_SYS_TYPES_H 1
| #define HAVE_SYS_STAT_H 1
| #define HAVE_STDLIB_H 1
| #define HAVE_STRING_H 1
| #define HAVE_MEMORY_H 1
| #define HAVE_STRINGS_H 1
| #define HAVE_INTTYPES_H 1
| #define HAVE_STDINT_H 1
| #define HAVE_UNISTD_H 1
| #define HAVE_LIMITS_H 1
| #define USE_THREAD_ALLOC 1
| #define _REENTRANT 1
| #define _THREAD_SAFE 1
| #define HAVE_PTHREAD_ATTR_SETSTACKSIZE 1
| #define HAVE_PTHREAD_ATFORK 1
| #define HAVE_PTHREAD_GET_STACKSIZE_NP 1
| #define TCL_THREADS 1
| #define MODULE_SCOPE extern __attribute__((__visibility__("hidden")))
| #define MAC_OSX_TCL 1
| #define HAVE_COREFOUNDATION 1
| #define HAVE_CAST_TO_UNION 1
| #define TCL_SHLIB_EXT ".dylib"
| #define NDEBUG 1
| #define TCL_CFG_OPTIMIZED 1
| #define TCL_WIDE_INT_IS_LONG 1
| #define HAVE_SYS_TIME_H 1
| #define TIME_WITH_SYS_TIME 1
| #define HAVE_INTPTR_T 1
| #define HAVE_UINTPTR_T 1
| #define HAVE_PW_GECOS 1
| #define HAVE_AVAILABILITYMACROS_H 1
| #define HAVE_WEAK_IMPORT 1
| #define _DARWIN_C_SOURCE 1
| /* end confdefs.h.  */
| 
| 
| int
| main ()
| {
| return main ();
|   ;
|   return 0;
| }
configure:8127: result: no
configure:8190: checking whether to use xft
configure:8213: result: no
configure:8375: checking for X11/XKBlib.h
configure:8375: gcc -c -pipe  -I/usr/X11/include   conftest.c >&5
configure:8375: $? = 0
configure:8375: result: yes
configure:8389: checking for XkbKeycodeToKeysym in -lX11
configure:8414: gcc -o conftest -pipe  -I/usr/X11/include    -prebind -headerpad_max_install_names -Wl,-search_paths_first  conftest.c -lX11   -lpthread -framework CoreFoundation -L/usr/X11/lib -lX11 >&5
configure:8414: $? = 0
configure:8423: result: yes
configure:8463: checking whether to try to use XScreenSaver
configure:8476: result: yes
configure:8478: checking for X11/extensions/scrnsaver.h
configure:8478: gcc -c -pipe  -I/usr/X11/include   conftest.c >&5
configure:8478: $? = 0
configure:8478: result: yes
configure:8487: checking for XScreenSaverQueryInfo
configure:8487: gcc -o conftest -pipe  -I/usr/X11/include    -prebind -headerpad_max_install_names -Wl,-search_paths_first  conftest.c  -lpthread -framework CoreFoundation -L/usr/X11/lib -lX11 >&5
Undefined symbols for architecture x86_64:
  "_XScreenSaverQueryInfo", referenced from:
      _main in conftest-159adf.o
ld: symbol(s) not found for architecture x86_64
clang: error: linker command failed with exit code 1 (use -v to see invocation)
configure:8487: $? = 1
configure: failed program was:
| /* confdefs.h */
| #define PACKAGE_NAME "tk"
| #define PACKAGE_TARNAME "tk"
| #define PACKAGE_VERSION "8.5"
| #define PACKAGE_STRING "tk 8.5"
| #define PACKAGE_BUGREPORT ""
| #define PACKAGE_URL ""
| #define STDC_HEADERS 1
| #define HAVE_SYS_TYPES_H 1
| #define HAVE_SYS_STAT_H 1
| #define HAVE_STDLIB_H 1
| #define HAVE_STRING_H 1
| #define HAVE_MEMORY_H 1
| #define HAVE_STRINGS_H 1
| #define HAVE_INTTYPES_H 1
| #define HAVE_STDINT_H 1
| #define HAVE_UNISTD_H 1
| #define HAVE_LIMITS_H 1
| #define USE_THREAD_ALLOC 1
| #define _REENTRANT 1
| #define _THREAD_SAFE 1
| #define HAVE_PTHREAD_ATTR_SETSTACKSIZE 1
| #define HAVE_PTHREAD_ATFORK 1
| #define HAVE_PTHREAD_GET_STACKSIZE_NP 1
| #define TCL_THREADS 1
| #define MODULE_SCOPE extern __attribute__((__visibility__("hidden")))
| #define MAC_OSX_TCL 1
| #define HAVE_COREFOUNDATION 1
| #define HAVE_CAST_TO_UNION 1
| #define TCL_SHLIB_EXT ".dylib"
| #define NDEBUG 1
| #define TCL_CFG_OPTIMIZED 1
| #define TCL_WIDE_INT_IS_LONG 1
| #define HAVE_SYS_TIME_H 1
| #define TIME_WITH_SYS_TIME 1
| #define HAVE_INTPTR_T 1
| #define HAVE_UINTPTR_T 1
| #define HAVE_PW_GECOS 1
| #define HAVE_AVAILABILITYMACROS_H 1
| #define HAVE_WEAK_IMPORT 1
| #define _DARWIN_C_SOURCE 1
| #define HAVE_XKBKEYCODETOKEYSYM 1
| /* end confdefs.h.  */
| /* Define XScreenSaverQueryInfo to an innocuous variant, in case <limits.h> declares XScreenSaverQueryInfo.
|    For example, HP-UX 11i <limits.h> declares gettimeofday.  */
| #define XScreenSaverQueryInfo innocuous_XScreenSaverQueryInfo
| 
| /* System header to define __stub macros and hopefully few prototypes,
|     which can conflict with char XScreenSaverQueryInfo (); below.
|     Prefer <limits.h> to <assert.h> if __STDC__ is defined, since
|     <limits.h> exists even on freestanding compilers.  */
| 
| #ifdef __STDC__
| # include <limits.h>
| #else
| # include <assert.h>
| #endif
| 
| #undef XScreenSaverQueryInfo
| 
| /* Override any GCC internal prototype to avoid an error.
|    Use char because int might match the return type of a GCC
|    builtin and then its argument prototype would still apply.  */
| #ifdef __cplusplus
| extern "C"
| #endif
| char XScreenSaverQueryInfo ();
| /* The GNU C library defines this for functions which it implements
|     to always fail with ENOSYS.  Some functions are actually named
|     something starting with __ and the normal name is an alias.  */
| #if defined __stub_XScreenSaverQueryInfo || defined __stub___XScreenSaverQueryInfo
| choke me
| #endif
| 
| int
| main ()
| {
| return XScreenSaverQueryInfo ();
|   ;
|   return 0;
| }
configure:8487: result: no
configure:8492: checking for XScreenSaverQueryInfo in -lXext
configure:8517: gcc -o conftest -pipe  -I/usr/X11/include    -prebind -headerpad_max_install_names -Wl,-search_paths_first  conftest.c -lXext   -lpthread -framework CoreFoundation -L/usr/X11/lib -lX11 >&5
Undefined symbols for architecture x86_64:
  "_XScreenSaverQueryInfo", referenced from:
      _main in conftest-583655.o
ld: symbol(s) not found for architecture x86_64
clang: error: linker command failed with exit code 1 (use -v to see invocation)
configure:8517: $? = 1
configure: failed program was:
| /* confdefs.h */
| #define PACKAGE_NAME "tk"
| #define PACKAGE_TARNAME "tk"
| #define PACKAGE_VERSION "8.5"
| #define PACKAGE_STRING "tk 8.5"
| #define PACKAGE_BUGREPORT ""
| #define PACKAGE_URL ""
| #define STDC_HEADERS 1
| #define HAVE_SYS_TYPES_H 1
| #define HAVE_SYS_STAT_H 1
| #define HAVE_STDLIB_H 1
| #define HAVE_STRING_H 1
| #define HAVE_MEMORY_H 1
| #define HAVE_STRINGS_H 1
| #define HAVE_INTTYPES_H 1
| #define HAVE_STDINT_H 1
| #define HAVE_UNISTD_H 1
| #define HAVE_LIMITS_H 1
| #define USE_THREAD_ALLOC 1
| #define _REENTRANT 1
| #define _THREAD_SAFE 1
| #define HAVE_PTHREAD_ATTR_SETSTACKSIZE 1
| #define HAVE_PTHREAD_ATFORK 1
| #define HAVE_PTHREAD_GET_STACKSIZE_NP 1
| #define TCL_THREADS 1
| #define MODULE_SCOPE extern __attribute__((__visibility__("hidden")))
| #define MAC_OSX_TCL 1
| #define HAVE_COREFOUNDATION 1
| #define HAVE_CAST_TO_UNION 1
| #define TCL_SHLIB_EXT ".dylib"
| #define NDEBUG 1
| #define TCL_CFG_OPTIMIZED 1
| #define TCL_WIDE_INT_IS_LONG 1
| #define HAVE_SYS_TIME_H 1
| #define TIME_WITH_SYS_TIME 1
| #define HAVE_INTPTR_T 1
| #define HAVE_UINTPTR_T 1
| #define HAVE_PW_GECOS 1
| #define HAVE_AVAILABILITYMACROS_H 1
| #define HAVE_WEAK_IMPORT 1
| #define _DARWIN_C_SOURCE 1
| #define HAVE_XKBKEYCODETOKEYSYM 1
| /* end confdefs.h.  */
| 
| /* Override any GCC internal prototype to avoid an error.
|    Use char because int might match the return type of a GCC
|    builtin and then its argument prototype would still apply.  */
| #ifdef __cplusplus
| extern "C"
| #endif
| char XScreenSaverQueryInfo ();
| int
| main ()
| {
| return XScreenSaverQueryInfo ();
|   ;
|   return 0;
| }
configure:8526: result: no
configure:8535: checking for XScreenSaverQueryInfo in -lXss
configure:8560: gcc -o conftest -pipe  -I/usr/X11/include    -prebind -headerpad_max_install_names -Wl,-search_paths_first  conftest.c -lXss -lXext  -lpthread -framework CoreFoundation -L/usr/X11/lib -lX11 >&5
configure:8560: $? = 0
configure:8569: result: yes
configure:8605: checking whether char is unsigned
configure:8624: gcc -c -pipe    conftest.c >&5
configure:8624: $? = 0
configure:8631: result: no
configure:8673: checking how to package libraries
configure:8700: result: shared library
configure:8985: creating ./config.status

## ---------------------- ##
## Running config.status. ##
## ---------------------- ##

This file was extended by tk config.status 8.5, which was
generated by GNU Autoconf 2.69.  Invocation command line was

  CONFIG_FILES    = 
  CONFIG_HEADERS  = 
  CONFIG_LINKS    = 
  CONFIG_COMMANDS = 
  $ ./config.status 

on Taylors-MacBook-Pro.local

config.status:931: creating Tk-Info.plist
config.status:931: creating Wish-Info.plist
config.status:931: creating Makefile
config.status:931: creating tkConfig.sh
config.status:931: creating tk.pc
config.status:931: creating tkConfig.h

## ---------------- ##
## Cache variables. ##
## ---------------- ##

ac_cv_c_bigendian=no
ac_cv_c_char_unsigned=no
ac_cv_c_compiler_gnu=yes
ac_cv_c_tclconfig=/System/Library/Frameworks/Tcl.framework
ac_cv_env_CC_set=
ac_cv_env_CC_value=
ac_cv_env_CFLAGS_set=
ac_cv_env_CFLAGS_value=
ac_cv_env_CPPFLAGS_set=
ac_cv_env_CPPFLAGS_value=
ac_cv_env_CPP_set=
ac_cv_env_CPP_value=
ac_cv_env_LDFLAGS_set=
ac_cv_env_LDFLAGS_value=
ac_cv_env_LIBS_set=
ac_cv_env_LIBS_value=
ac_cv_env_XMKMF_set=
ac_cv_env_XMKMF_value=
ac_cv_env_build_alias_set=
ac_cv_env_build_alias_value=
ac_cv_env_host_alias_set=
ac_cv_env_host_alias_value=
ac_cv_env_target_alias_set=
ac_cv_env_target_alias_value=
ac_cv_func_XScreenSaverQueryInfo=no
ac_cv_func_pthread_atfork=yes
ac_cv_func_pthread_attr_get_np=no
ac_cv_func_pthread_attr_setstacksize=yes
ac_cv_func_pthread_get_stacksize_np=yes
ac_cv_func_pthread_getattr_np=no
ac_cv_func_strtod=yes
ac_cv_have_x='have_x=yes	ac_x_includes='\''/usr/X11/include'\''	ac_x_libraries='\''/usr/X11/lib'\'''
ac_cv_header_AvailabilityMacros_h=yes
ac_cv_header_X11_XKBlib_h=yes
ac_cv_header_X11_extensions_scrnsaver_h=yes
ac_cv_header_inttypes_h=yes
ac_cv_header_limits_h=yes
ac_cv_header_memory_h=yes
ac_cv_header_stdc=yes
ac_cv_header_stdint_h=yes
ac_cv_header_stdlib_h=yes
ac_cv_header_string_h=yes
ac_cv_header_strings_h=yes
ac_cv_header_sys_stat_h=yes
ac_cv_header_sys_time_h=yes
ac_cv_header_sys_types_h=yes
ac_cv_header_time=yes
ac_cv_header_unistd_h=yes
ac_cv_lib_X11_XkbKeycodeToKeysym=yes
ac_cv_lib_Xbsd_main=no
ac_cv_lib_Xext_XScreenSaverQueryInfo=no
ac_cv_lib_Xss_XScreenSaverQueryInfo=yes
ac_cv_lib_dl_dlopen=yes
ac_cv_lib_pthread_pthread_mutex_init=yes
ac_cv_objext=o
ac_cv_path_EGREP='/usr/bin/grep -E'
ac_cv_path_GREP=/usr/bin/grep
ac_cv_path_tclsh=/usr/bin/tclsh8.5
ac_cv_prog_CPP='gcc -E'
ac_cv_prog_ac_ct_AR=ar
ac_cv_prog_ac_ct_CC=gcc
ac_cv_prog_ac_ct_RANLIB=ranlib
ac_cv_prog_cc_c89=
ac_cv_prog_cc_g=yes
ac_cv_type_intptr_t=yes
ac_cv_type_mode_t=yes
ac_cv_type_pid_t=yes
ac_cv_type_size_t=yes
ac_cv_type_uid_t=yes
ac_cv_type_uintptr_t=yes
tcl_cv_cast_to_union=yes
tcl_cv_cc_darwin_c_source=yes
tcl_cv_cc_pipe=yes
tcl_cv_cc_visibility_hidden=yes
tcl_cv_cc_weak_import=yes
tcl_cv_flag__isoc99_source=no
tcl_cv_flag__largefile64_source=no
tcl_cv_flag__largefile_source64=no
tcl_cv_ld_search_paths_first=yes
tcl_cv_ld_single_module=yes
tcl_cv_ld_weak_l=yes
tcl_cv_lib_corefoundation=yes
tcl_cv_pwd_pw_gecos=yes
tcl_cv_strtod_buggy=ok
tcl_cv_sys_version=Darwin-14.1.0
tcl_cv_type_64bit=none
tcl_cv_type_fd_set=yes

## ----------------- ##
## Output variables. ##
## ----------------- ##

APP_RSRC_FILE=''
AR='ar'
BUILD_TCLSH='/System/Library/Frameworks/Tcl.framework/tclsh'
CC='gcc'
CC_SEARCH_FLAGS=''
CFBUNDLELOCALIZATIONS='<string>cs</string><string>da</string><string>de</string><string>el</string><string>en</string><string>en_gb</string><string>eo</string><string>es</string><string>fr</string><string>hu</string><string>it</string><string>nl</string><string>pl</string><string>pt</string><string>ru</string><string>sv</string>'
CFLAGS='-pipe   '
CFLAGS_DEBUG='-g'
CFLAGS_DEFAULT='$(CFLAGS_OPTIMIZE)'
CFLAGS_OPTIMIZE='-Os'
CFLAGS_WARNING='-Wall'
CPP='gcc -E'
CPPFLAGS=''
DEFS='-DHAVE_TK_CONFIG_H  -imacros tkConfig.h'
DLL_INSTALL_DIR='$(LIB_INSTALL_DIR)'
DL_LIBS=''
DL_OBJS='tclLoadDyld.o'
ECHO_C='\c'
ECHO_N=''
ECHO_T=''
EGREP='/usr/bin/grep -E'
EXEEXT=''
EXTRA_APP_CC_SWITCHES=' -mdynamic-no-pic'
EXTRA_BUILD_HTML=''
EXTRA_CC_SWITCHES=''
EXTRA_INSTALL=''
EXTRA_INSTALL_BINARIES=''
EXTRA_WISH_LIBS='-sectcreate __TEXT __info_plist Wish-Info.plist'
GREP='/usr/bin/grep'
HTML_DIR='$(DISTDIR)/html'
INSTALL_LIB='$(INSTALL_LIBRARY) $(LIB_FILE) "$(LIB_INSTALL_DIR)/$(LIB_FILE)"'
INSTALL_STUB_LIB='$(INSTALL_LIBRARY) $(STUB_LIB_FILE) "$(LIB_INSTALL_DIR)/$(STUB_LIB_FILE)" ; (cd "$(LIB_INSTALL_DIR)" ; $(RANLIB) $(STUB_LIB_FILE))'
LDAIX_SRC=''
LDFLAGS=' -prebind -headerpad_max_install_names -Wl,-search_paths_first '
LDFLAGS_DEBUG=''
LDFLAGS_DEFAULT='$(LDFLAGS_OPTIMIZE)'
LDFLAGS_OPTIMIZE=''
LD_LIBRARY_PATH_VAR='DYLD_LIBRARY_PATH'
LD_SEARCH_FLAGS=''
LIBOBJS=''
LIBS=' -lpthread -framework CoreFoundation'
LIB_RSRC_FILE=''
LIB_RUNTIME_DIR='${LIB_RUNTIME_DIR}:/usr/X11/lib'
LOCALES='cs da de el en en_gb eo es fr hu it nl pl pt ru sv'
LTLIBOBJS=''
MAKE_LIB='${SHLIB_LD} -o $@ ${OBJS} ${SHLIB_LD_LIBS} ${TCL_SHLIB_LD_EXTRAS} ${TK_SHLIB_LD_EXTRAS} ${LD_SEARCH_FLAGS}'
MAKE_STUB_LIB='${STLIB_LD} $@ ${STUB_LIB_OBJS} ; ${RANLIB} $@'
MAN_FLAGS=''
OBJEXT='o'
PACKAGE_BUGREPORT=''
PACKAGE_NAME='tk'
PACKAGE_STRING='tk 8.5'
PACKAGE_TARNAME='tk'
PACKAGE_URL=''
PACKAGE_VERSION='8.5'
PATH_SEPARATOR=':'
PLAT_OBJS='${MAC_OSX_OBJS}'
PLAT_SRCS='${MAC_OSX_SRCS}'
PRIVATE_INCLUDE_DIR='$(includedir)'
RANLIB='ranlib'
REZ=''
REZ_FLAGS=''
SHELL='/bin/sh'
SHLIB_CFLAGS='-fno-common'
SHLIB_LD='${CC} -dynamiclib ${CFLAGS} ${LDFLAGS} -Wl,-single_module'
SHLIB_LD_LIBS='${LIBS} ${TCL_STUB_LIB_SPEC}'
SHLIB_SUFFIX='.dylib'
STLIB_LD='${AR} cr'
TCLSH_PROG='/usr/bin/tclsh8.5'
TCL_BIN_DIR='/System/Library/Frameworks/Tcl.framework'
TCL_LIBS='  -lpthread -framework CoreFoundation '
TCL_LIB_FILE='Tcl'
TCL_LIB_FLAG='-framework Tcl'
TCL_LIB_SPEC='-F/System/Library/Frameworks -framework Tcl'
TCL_PATCH_LEVEL='.9'
TCL_SHLIB_LD_EXTRAS=''
TCL_SRC_DIR='/SourceCache/tcl/tcl-105/tcl/tcl'
TCL_STUB_FLAGS='-DUSE_TCL_STUBS'
TCL_STUB_LIB_FILE='libtclstub8.5.a'
TCL_STUB_LIB_FLAG='-ltclstub8.5'
TCL_STUB_LIB_SPEC='-L/System/Library/Frameworks/Tcl.framework -ltclstub8.5'
TCL_THREADS='1'
TCL_VERSION='8.5'
TK_BUILD_LIB_SPEC='-L/Users/Sully/documents/CS451/additionalFiles/tk8.5.18/macosx -ltk8.5'
TK_BUILD_STUB_LIB_PATH='/Users/Sully/documents/CS451/additionalFiles/tk8.5.18/macosx/libtkstub8.5.a'
TK_BUILD_STUB_LIB_SPEC='-L/Users/Sully/documents/CS451/additionalFiles/tk8.5.18/macosx -ltkstub8.5'
TK_INCLUDE_SPEC='-I/usr/include'
TK_LIBRARY='$(prefix)/lib/tk$(VERSION)'
TK_LIB_FILE='libtk8.5.dylib'
TK_LIB_FLAG='-ltk8.5'
TK_LIB_SPEC='-L/usr/lib -ltk8.5'
TK_MAJOR_VERSION='8'
TK_MINOR_VERSION='5'
TK_PATCH_LEVEL='.18'
TK_PKG_DIR='tk$(VERSION)'
TK_RSRC_FILE='tk$(VERSION).rsrc'
TK_SHARED_BUILD='1'
TK_SHLIB_LD_EXTRAS='-compatibility_version 8.5 -current_version 8.5.18 -install_name "${DYLIB_INSTALL_DIR}/${TK_LIB_FILE}" -unexported_symbols_list $$(f=$(TK_LIB_FILE).E && nm -gp tkMacOSX*.o 2>/dev/null | awk "/^[0-9a-f]+ . \.objc/ {print \$$3}" > $$f && nm -gjp "$(TCL_BIN_DIR)"/$(TCL_STUB_LIB_FILE) | grep ^_[^_] >> $$f && echo $$f) -seg1addr 0xb000000 -sectcreate __TEXT __info_plist Tk-Info.plist'
TK_SRC_DIR='/Users/Sully/documents/CS451/additionalFiles/tk8.5.18'
TK_STUB_LIB_FILE='libtkstub8.5.a'
TK_STUB_LIB_FLAG='-ltkstub8.5'
TK_STUB_LIB_PATH='/usr/lib/libtkstub8.5.a'
TK_STUB_LIB_SPEC='-L/usr/lib -ltkstub8.5'
TK_VERSION='8.5'
TK_WINDOWINGSYSTEM='X11'
TK_YEAR='2015'
UNIX_FONT_OBJS='tkUnixFont.o'
WISH_RSRC_FILE='wish$(VERSION).rsrc'
XFT_CFLAGS=''
XFT_LIBS=''
XINCLUDES='-I/usr/X11/include'
XLIBSW='-L/usr/X11/lib -lX11 -Wl,-weak-lXss -lXext'
XMKMF=''
ac_ct_CC='gcc'
bindir='${exec_prefix}/bin'
build_alias=''
datadir='${datarootdir}'
datarootdir='${prefix}/share'
docdir='${datarootdir}/doc/${PACKAGE_TARNAME}'
dvidir='${docdir}'
exec_prefix='/usr'
host_alias=''
htmldir='${docdir}'
includedir='${prefix}/include'
infodir='${datarootdir}/info'
libdir='/usr/lib'
libexecdir='${exec_prefix}/libexec'
localedir='${datarootdir}/locale'
localstatedir='${prefix}/var'
mandir='${datarootdir}/man'
oldincludedir='/usr/include'
pdfdir='${docdir}'
prefix='/usr'
program_transform_name='s,x,x,'
psdir='${docdir}'
sbindir='${exec_prefix}/sbin'
sharedstatedir='${prefix}/com'
sysconfdir='${prefix}/etc'
target_alias=''

## ----------- ##
## confdefs.h. ##
## ----------- ##

/* confdefs.h */
#define PACKAGE_NAME "tk"
#define PACKAGE_TARNAME "tk"
#define PACKAGE_VERSION "8.5"
#define PACKAGE_STRING "tk 8.5"
#define PACKAGE_BUGREPORT ""
#define PACKAGE_URL ""
#define STDC_HEADERS 1
#define HAVE_SYS_TYPES_H 1
#define HAVE_SYS_STAT_H 1
#define HAVE_STDLIB_H 1
#define HAVE_STRING_H 1
#define HAVE_MEMORY_H 1
#define HAVE_STRINGS_H 1
#define HAVE_INTTYPES_H 1
#define HAVE_STDINT_H 1
#define HAVE_UNISTD_H 1
#define HAVE_LIMITS_H 1
#define USE_THREAD_ALLOC 1
#define _REENTRANT 1
#define _THREAD_SAFE 1
#define HAVE_PTHREAD_ATTR_SETSTACKSIZE 1
#define HAVE_PTHREAD_ATFORK 1
#define HAVE_PTHREAD_GET_STACKSIZE_NP 1
#define TCL_THREADS 1
#define MODULE_SCOPE extern __attribute__((__visibility__("hidden")))
#define MAC_OSX_TCL 1
#define HAVE_COREFOUNDATION 1
#define HAVE_CAST_TO_UNION 1
#define TCL_SHLIB_EXT ".dylib"
#define NDEBUG 1
#define TCL_CFG_OPTIMIZED 1
#define TCL_WIDE_INT_IS_LONG 1
#define HAVE_SYS_TIME_H 1
#define TIME_WITH_SYS_TIME 1
#define HAVE_INTPTR_T 1
#define HAVE_UINTPTR_T 1
#define HAVE_PW_GECOS 1
#define HAVE_AVAILABILITYMACROS_H 1
#define HAVE_WEAK_IMPORT 1
#define _DARWIN_C_SOURCE 1
#define HAVE_XKBKEYCODETOKEYSYM 1
#define HAVE_XSS 1

configure: exit 0
